-- The C compiler identification is GNU 11.4.0
-- The CXX compiler identification is GNU 11.4.0
-- Detecting C compiler ABI info
-- Detecting C compiler ABI info - done
-- Check for working C compiler: /usr/bin/cc - skipped
-- Detecting C compile features
-- Detecting C compile features - done
-- Detecting CXX compiler ABI info
-- Detecting CXX compiler ABI info - done
-- Check for working CXX compiler: /usr/bin/c++ - skipped
-- Detecting CXX compile features
-- Detecting CXX compile features - done
-- Found ament_cmake: 1.3.10 (/opt/ros/humble/share/ament_cmake/cmake)
-- Found Python3: /usr/bin/python3 (found version "3.10.12") found components: Interpreter 
-- Found rosidl_default_generators: 1.2.0 (/opt/ros/humble/share/rosidl_default_generators/cmake)
-- Using all available rosidl_typesupport_c: rosidl_typesupport_fastrtps_c;rosidl_typesupport_introspection_c
-- Found rosidl_adapter: 3.1.5 (/opt/ros/humble/share/rosidl_adapter/cmake)
-- Using all available rosidl_typesupport_cpp: rosidl_typesupport_fastrtps_cpp;rosidl_typesupport_introspection_cpp
-- Found ament_cmake_ros: 0.10.0 (/opt/ros/humble/share/ament_cmake_ros/cmake)
-- Using all available rosidl_typesupport_c: rosidl_typesupport_fastrtps_c;rosidl_typesupport_introspection_c
-- Using all available rosidl_typesupport_cpp: rosidl_typesupport_fastrtps_cpp;rosidl_typesupport_introspection_cpp
-- Found PythonInterp: /usr/bin/python3 (found suitable version "3.10.12", minimum required is "3.6") 
-- Found python_cmake_module: 0.10.0 (/opt/ros/humble/share/python_cmake_module/cmake)
-- Found PythonLibs: /usr/lib/x86_64-linux-gnu/libpython3.10.so (found suitable version "3.10.12", minimum required is "3.5") 
-- Using PYTHON_EXECUTABLE: /usr/bin/python3
-- Using PYTHON_INCLUDE_DIRS: /usr/include/python3.10
-- Using PYTHON_LIBRARIES: /usr/lib/x86_64-linux-gnu/libpython3.10.so
-- Found PythonExtra: .so  
-- Found ament_lint_auto: 0.12.11 (/opt/ros/humble/share/ament_lint_auto/cmake)
-- Added test 'cppcheck' to perform static code analysis on C / C++ code
-- Configured cppcheck include dirs: $<BUILD_INTERFACE:/home/kirill/ROS/ex02/action_turtle_message/build/action_turtle_message/rosidl_generator_c>;$<BUILD_INTERFACE:/home/kirill/ROS/ex02/action_turtle_message/build/action_turtle_message/rosidl_typesupport_fastrtps_c>;$<BUILD_INTERFACE:/home/kirill/ROS/ex02/action_turtle_message/build/action_turtle_message/rosidl_typesupport_introspection_c>;$<BUILD_INTERFACE:/home/kirill/ROS/ex02/action_turtle_message/build/action_turtle_message/rosidl_generator_cpp>;$<BUILD_INTERFACE:/home/kirill/ROS/ex02/action_turtle_message/build/action_turtle_message/rosidl_typesupport_fastrtps_cpp>;$<BUILD_INTERFACE:/home/kirill/ROS/ex02/action_turtle_message/build/action_turtle_message/rosidl_typesupport_introspection_cpp>;/home/kirill/ROS/ex02/action_turtle_message/build/action_turtle_message/rosidl_generator_c;/home/kirill/ROS/ex02/action_turtle_message/build/action_turtle_message/rosidl_generator_py
-- Configured cppcheck exclude dirs and/or files: 
-- Added test 'flake8' to check Python code syntax and style conventions
-- Added test 'lint_cmake' to check CMake code style
-- Added test 'pep257' to check Python code against some of the docstring style conventions in PEP 257
-- Added test 'uncrustify' to check C / C++ code style
-- Configured uncrustify additional arguments: 
-- Added test 'xmllint' to check XML markup files
-- Configuring done
-- Generating done
-- Build files have been written to: /home/kirill/ROS/ex02/action_turtle_message/build/action_turtle_message
[  3%] [34m[1mGenerating C code for ROS interfaces[0m
[  6%] [34m[1mGenerating C++ code for ROS interfaces[0m
[  6%] Built target ament_cmake_python_copy_action_turtle_message
running egg_info
creating action_turtle_message.egg-info
writing action_turtle_message.egg-info/PKG-INFO
writing dependency_links to action_turtle_message.egg-info/dependency_links.txt
writing top-level names to action_turtle_message.egg-info/top_level.txt
writing manifest file 'action_turtle_message.egg-info/SOURCES.txt'
reading manifest file 'action_turtle_message.egg-info/SOURCES.txt'
writing manifest file 'action_turtle_message.egg-info/SOURCES.txt'
[  6%] Built target ament_cmake_python_build_action_turtle_message_egg
[  6%] Built target action_turtle_message__cpp
[ 16%] [34m[1mGenerating C++ introspection for ROS interfaces[0m
[ 16%] [34m[1mGenerating C++ type support for eProsima Fast-RTPS[0m
[ 16%] [34m[1mGenerating C++ type support dispatch for ROS interfaces[0m
[ 19%] [32mBuilding C object CMakeFiles/action_turtle_message__rosidl_generator_c.dir/rosidl_generator_c/action_turtle_message/action/detail/message_turtle_commands__functions.c.o[0m
[ 22%] [32m[1mLinking C shared library libaction_turtle_message__rosidl_generator_c.so[0m
[ 22%] Built target action_turtle_message__rosidl_generator_c
[ 25%] [34m[1mGenerating C type support for eProsima Fast-RTPS[0m
[ 29%] [34m[1mGenerating C type support dispatch for ROS interfaces[0m
[ 32%] [34m[1mGenerating C introspection for ROS interfaces[0m
[ 35%] [32mBuilding CXX object CMakeFiles/action_turtle_message__rosidl_typesupport_cpp.dir/rosidl_typesupport_cpp/action_turtle_message/action/message_turtle_commands__type_support.cpp.o[0m
[ 38%] [32mBuilding CXX object CMakeFiles/action_turtle_message__rosidl_typesupport_fastrtps_cpp.dir/rosidl_typesupport_fastrtps_cpp/action_turtle_message/action/detail/dds_fastrtps/message_turtle_commands__type_support.cpp.o[0m
[ 41%] [32mBuilding CXX object CMakeFiles/action_turtle_message__rosidl_typesupport_introspection_cpp.dir/rosidl_typesupport_introspection_cpp/action_turtle_message/action/detail/message_turtle_commands__type_support.cpp.o[0m
[ 45%] [32mBuilding CXX object CMakeFiles/action_turtle_message__rosidl_typesupport_c.dir/rosidl_typesupport_c/action_turtle_message/action/message_turtle_commands__type_support.cpp.o[0m
[ 48%] [32mBuilding C object CMakeFiles/action_turtle_message__rosidl_typesupport_introspection_c.dir/rosidl_typesupport_introspection_c/action_turtle_message/action/detail/message_turtle_commands__type_support.c.o[0m
[ 51%] [32m[1mLinking CXX shared library libaction_turtle_message__rosidl_typesupport_c.so[0m
[ 54%] [32m[1mLinking C shared library libaction_turtle_message__rosidl_typesupport_introspection_c.so[0m
[ 58%] [32mBuilding CXX object CMakeFiles/action_turtle_message__rosidl_typesupport_fastrtps_c.dir/rosidl_typesupport_fastrtps_c/action_turtle_message/action/detail/message_turtle_commands__type_support_c.cpp.o[0m
[ 58%] Built target action_turtle_message__rosidl_typesupport_c
[ 58%] Built target action_turtle_message__rosidl_typesupport_introspection_c
[ 61%] [32m[1mLinking CXX shared library libaction_turtle_message__rosidl_typesupport_cpp.so[0m
[ 61%] Built target action_turtle_message__rosidl_typesupport_cpp
[ 64%] [32m[1mLinking CXX shared library libaction_turtle_message__rosidl_typesupport_fastrtps_cpp.so[0m
[ 67%] [32m[1mLinking CXX shared library libaction_turtle_message__rosidl_typesupport_introspection_cpp.so[0m
[ 67%] Built target action_turtle_message__rosidl_typesupport_fastrtps_cpp
[ 67%] Built target action_turtle_message__rosidl_typesupport_introspection_cpp
[ 70%] [32m[1mLinking CXX shared library libaction_turtle_message__rosidl_typesupport_fastrtps_c.so[0m
[ 70%] Built target action_turtle_message__rosidl_typesupport_fastrtps_c
[ 70%] Built target action_turtle_message
[ 74%] [34m[1mGenerating Python code for ROS interfaces[0m
[ 74%] Built target action_turtle_message__py
[ 77%] [32mBuilding C object CMakeFiles/action_turtle_message__rosidl_generator_py.dir/rosidl_generator_py/action_turtle_message/action/_message_turtle_commands_s.c.o[0m
[ 80%] [32m[1mLinking C shared library rosidl_generator_py/action_turtle_message/libaction_turtle_message__rosidl_generator_py.so[0m
[ 80%] Built target action_turtle_message__rosidl_generator_py
[ 90%] [32mBuilding C object CMakeFiles/action_turtle_message__rosidl_typesupport_c__pyext.dir/rosidl_generator_py/action_turtle_message/_action_turtle_message_s.ep.rosidl_typesupport_c.c.o[0m
[ 90%] [32mBuilding C object CMakeFiles/action_turtle_message__rosidl_typesupport_fastrtps_c__pyext.dir/rosidl_generator_py/action_turtle_message/_action_turtle_message_s.ep.rosidl_typesupport_fastrtps_c.c.o[0m
[ 90%] [32mBuilding C object CMakeFiles/action_turtle_message__rosidl_typesupport_introspection_c__pyext.dir/rosidl_generator_py/action_turtle_message/_action_turtle_message_s.ep.rosidl_typesupport_introspection_c.c.o[0m
[100%] [32m[1mLinking C shared library rosidl_generator_py/action_turtle_message/action_turtle_message_s__rosidl_typesupport_c.cpython-310-x86_64-linux-gnu.so[0m
[100%] [32m[1mLinking C shared library rosidl_generator_py/action_turtle_message/action_turtle_message_s__rosidl_typesupport_introspection_c.cpython-310-x86_64-linux-gnu.so[0m
[100%] [32m[1mLinking C shared library rosidl_generator_py/action_turtle_message/action_turtle_message_s__rosidl_typesupport_fastrtps_c.cpython-310-x86_64-linux-gnu.so[0m
[100%] Built target action_turtle_message__rosidl_typesupport_introspection_c__pyext
[100%] Built target action_turtle_message__rosidl_typesupport_c__pyext
[100%] Built target action_turtle_message__rosidl_typesupport_fastrtps_c__pyext
-- Install configuration: ""
-- Installing: /home/kirill/ROS/ex02/action_turtle_message/install/action_turtle_message/share/ament_index/resource_index/rosidl_interfaces/action_turtle_message
-- Installing: /home/kirill/ROS/ex02/action_turtle_message/install/action_turtle_message/include/action_turtle_message/action_turtle_message
-- Installing: /home/kirill/ROS/ex02/action_turtle_message/install/action_turtle_message/include/action_turtle_message/action_turtle_message/msg
-- Installing: /home/kirill/ROS/ex02/action_turtle_message/install/action_turtle_message/include/action_turtle_message/action_turtle_message/msg/rosidl_generator_c__visibility_control.h
-- Installing: /home/kirill/ROS/ex02/action_turtle_message/install/action_turtle_message/include/action_turtle_message/action_turtle_message/action
-- Installing: /home/kirill/ROS/ex02/action_turtle_message/install/action_turtle_message/include/action_turtle_message/action_turtle_message/action/detail
-- Installing: /home/kirill/ROS/ex02/action_turtle_message/install/action_turtle_message/include/action_turtle_message/action_turtle_message/action/detail/message_turtle_commands__type_support.h
-- Installing: /home/kirill/ROS/ex02/action_turtle_message/install/action_turtle_message/include/action_turtle_message/action_turtle_message/action/detail/message_turtle_commands__struct.h
-- Installing: /home/kirill/ROS/ex02/action_turtle_message/install/action_turtle_message/include/action_turtle_message/action_turtle_message/action/detail/message_turtle_commands__functions.c
-- Installing: /home/kirill/ROS/ex02/action_turtle_message/install/action_turtle_message/include/action_turtle_message/action_turtle_message/action/detail/message_turtle_commands__functions.h
-- Installing: /home/kirill/ROS/ex02/action_turtle_message/install/action_turtle_message/include/action_turtle_message/action_turtle_message/action/message_turtle_commands.h
-- Installing: /home/kirill/ROS/ex02/action_turtle_message/install/action_turtle_message/share/action_turtle_message/environment/library_path.sh
-- Installing: /home/kirill/ROS/ex02/action_turtle_message/install/action_turtle_message/share/action_turtle_message/environment/library_path.dsv
-- Installing: /home/kirill/ROS/ex02/action_turtle_message/install/action_turtle_message/lib/libaction_turtle_message__rosidl_generator_c.so
-- Set runtime path of "/home/kirill/ROS/ex02/action_turtle_message/install/action_turtle_message/lib/libaction_turtle_message__rosidl_generator_c.so" to ""
-- Up-to-date: /home/kirill/ROS/ex02/action_turtle_message/install/action_turtle_message/include/action_turtle_message/action_turtle_message
-- Up-to-date: /home/kirill/ROS/ex02/action_turtle_message/install/action_turtle_message/include/action_turtle_message/action_turtle_message/msg
-- Installing: /home/kirill/ROS/ex02/action_turtle_message/install/action_turtle_message/include/action_turtle_message/action_turtle_message/msg/rosidl_typesupport_fastrtps_c__visibility_control.h
-- Up-to-date: /home/kirill/ROS/ex02/action_turtle_message/install/action_turtle_message/include/action_turtle_message/action_turtle_message/action
-- Up-to-date: /home/kirill/ROS/ex02/action_turtle_message/install/action_turtle_message/include/action_turtle_message/action_turtle_message/action/detail
-- Installing: /home/kirill/ROS/ex02/action_turtle_message/install/action_turtle_message/include/action_turtle_message/action_turtle_message/action/detail/message_turtle_commands__rosidl_typesupport_fastrtps_c.h
-- Installing: /home/kirill/ROS/ex02/action_turtle_message/install/action_turtle_message/lib/libaction_turtle_message__rosidl_typesupport_fastrtps_c.so
-- Set runtime path of "/home/kirill/ROS/ex02/action_turtle_message/install/action_turtle_message/lib/libaction_turtle_message__rosidl_typesupport_fastrtps_c.so" to ""
-- Up-to-date: /home/kirill/ROS/ex02/action_turtle_message/install/action_turtle_message/include/action_turtle_message/action_turtle_message
-- Up-to-date: /home/kirill/ROS/ex02/action_turtle_message/install/action_turtle_message/include/action_turtle_message/action_turtle_message/msg
-- Installing: /home/kirill/ROS/ex02/action_turtle_message/install/action_turtle_message/include/action_turtle_message/action_turtle_message/msg/rosidl_typesupport_introspection_c__visibility_control.h
-- Up-to-date: /home/kirill/ROS/ex02/action_turtle_message/install/action_turtle_message/include/action_turtle_message/action_turtle_message/action
-- Up-to-date: /home/kirill/ROS/ex02/action_turtle_message/install/action_turtle_message/include/action_turtle_message/action_turtle_message/action/detail
-- Installing: /home/kirill/ROS/ex02/action_turtle_message/install/action_turtle_message/include/action_turtle_message/action_turtle_message/action/detail/message_turtle_commands__type_support.c
-- Installing: /home/kirill/ROS/ex02/action_turtle_message/install/action_turtle_message/include/action_turtle_message/action_turtle_message/action/detail/message_turtle_commands__rosidl_typesupport_introspection_c.h
-- Installing: /home/kirill/ROS/ex02/action_turtle_message/install/action_turtle_message/lib/libaction_turtle_message__rosidl_typesupport_introspection_c.so
-- Set runtime path of "/home/kirill/ROS/ex02/action_turtle_message/install/action_turtle_message/lib/libaction_turtle_message__rosidl_typesupport_introspection_c.so" to ""
-- Installing: /home/kirill/ROS/ex02/action_turtle_message/install/action_turtle_message/lib/libaction_turtle_message__rosidl_typesupport_c.so
-- Set runtime path of "/home/kirill/ROS/ex02/action_turtle_message/install/action_turtle_message/lib/libaction_turtle_message__rosidl_typesupport_c.so" to ""
-- Up-to-date: /home/kirill/ROS/ex02/action_turtle_message/install/action_turtle_message/include/action_turtle_message/action_turtle_message
-- Up-to-date: /home/kirill/ROS/ex02/action_turtle_message/install/action_turtle_message/include/action_turtle_message/action_turtle_message/action
-- Up-to-date: /home/kirill/ROS/ex02/action_turtle_message/install/action_turtle_message/include/action_turtle_message/action_turtle_message/action/detail
-- Installing: /home/kirill/ROS/ex02/action_turtle_message/install/action_turtle_message/include/action_turtle_message/action_turtle_message/action/detail/message_turtle_commands__traits.hpp
-- Installing: /home/kirill/ROS/ex02/action_turtle_message/install/action_turtle_message/include/action_turtle_message/action_turtle_message/action/detail/message_turtle_commands__builder.hpp
-- Installing: /home/kirill/ROS/ex02/action_turtle_message/install/action_turtle_message/include/action_turtle_message/action_turtle_message/action/detail/message_turtle_commands__struct.hpp
-- Installing: /home/kirill/ROS/ex02/action_turtle_message/install/action_turtle_message/include/action_turtle_message/action_turtle_message/action/message_turtle_commands.hpp
-- Up-to-date: /home/kirill/ROS/ex02/action_turtle_message/install/action_turtle_message/include/action_turtle_message/action_turtle_message
-- Up-to-date: /home/kirill/ROS/ex02/action_turtle_message/install/action_turtle_message/include/action_turtle_message/action_turtle_message/msg
-- Installing: /home/kirill/ROS/ex02/action_turtle_message/install/action_turtle_message/include/action_turtle_message/action_turtle_message/msg/rosidl_typesupport_fastrtps_cpp__visibility_control.h
-- Up-to-date: /home/kirill/ROS/ex02/action_turtle_message/install/action_turtle_message/include/action_turtle_message/action_turtle_message/action
-- Up-to-date: /home/kirill/ROS/ex02/action_turtle_message/install/action_turtle_message/include/action_turtle_message/action_turtle_message/action/detail
-- Installing: /home/kirill/ROS/ex02/action_turtle_message/install/action_turtle_message/include/action_turtle_message/action_turtle_message/action/detail/message_turtle_commands__rosidl_typesupport_fastrtps_cpp.hpp
-- Installing: /home/kirill/ROS/ex02/action_turtle_message/install/action_turtle_message/include/action_turtle_message/action_turtle_message/action/detail/dds_fastrtps
-- Installing: /home/kirill/ROS/ex02/action_turtle_message/install/action_turtle_message/lib/libaction_turtle_message__rosidl_typesupport_fastrtps_cpp.so
-- Set runtime path of "/home/kirill/ROS/ex02/action_turtle_message/install/action_turtle_message/lib/libaction_turtle_message__rosidl_typesupport_fastrtps_cpp.so" to ""
-- Up-to-date: /home/kirill/ROS/ex02/action_turtle_message/install/action_turtle_message/include/action_turtle_message/action_turtle_message
-- Up-to-date: /home/kirill/ROS/ex02/action_turtle_message/install/action_turtle_message/include/action_turtle_message/action_turtle_message/action
-- Up-to-date: /home/kirill/ROS/ex02/action_turtle_message/install/action_turtle_message/include/action_turtle_message/action_turtle_message/action/detail
-- Installing: /home/kirill/ROS/ex02/action_turtle_message/install/action_turtle_message/include/action_turtle_message/action_turtle_message/action/detail/message_turtle_commands__type_support.cpp
-- Installing: /home/kirill/ROS/ex02/action_turtle_message/install/action_turtle_message/include/action_turtle_message/action_turtle_message/action/detail/message_turtle_commands__rosidl_typesupport_introspection_cpp.hpp
-- Installing: /home/kirill/ROS/ex02/action_turtle_message/install/action_turtle_message/lib/libaction_turtle_message__rosidl_typesupport_introspection_cpp.so
-- Set runtime path of "/home/kirill/ROS/ex02/action_turtle_message/install/action_turtle_message/lib/libaction_turtle_message__rosidl_typesupport_introspection_cpp.so" to ""
-- Installing: /home/kirill/ROS/ex02/action_turtle_message/install/action_turtle_message/lib/libaction_turtle_message__rosidl_typesupport_cpp.so
-- Set runtime path of "/home/kirill/ROS/ex02/action_turtle_message/install/action_turtle_message/lib/libaction_turtle_message__rosidl_typesupport_cpp.so" to ""
-- Installing: /home/kirill/ROS/ex02/action_turtle_message/install/action_turtle_message/share/action_turtle_message/environment/pythonpath.sh
-- Installing: /home/kirill/ROS/ex02/action_turtle_message/install/action_turtle_message/share/action_turtle_message/environment/pythonpath.dsv
-- Installing: /home/kirill/ROS/ex02/action_turtle_message/install/action_turtle_message/local/lib/python3.10/dist-packages/action_turtle_message-0.0.0-py3.10.egg-info
-- Installing: /home/kirill/ROS/ex02/action_turtle_message/install/action_turtle_message/local/lib/python3.10/dist-packages/action_turtle_message-0.0.0-py3.10.egg-info/dependency_links.txt
-- Installing: /home/kirill/ROS/ex02/action_turtle_message/install/action_turtle_message/local/lib/python3.10/dist-packages/action_turtle_message-0.0.0-py3.10.egg-info/SOURCES.txt
-- Installing: /home/kirill/ROS/ex02/action_turtle_message/install/action_turtle_message/local/lib/python3.10/dist-packages/action_turtle_message-0.0.0-py3.10.egg-info/top_level.txt
-- Installing: /home/kirill/ROS/ex02/action_turtle_message/install/action_turtle_message/local/lib/python3.10/dist-packages/action_turtle_message-0.0.0-py3.10.egg-info/PKG-INFO
-- Installing: /home/kirill/ROS/ex02/action_turtle_message/install/action_turtle_message/local/lib/python3.10/dist-packages/action_turtle_message
-- Installing: /home/kirill/ROS/ex02/action_turtle_message/install/action_turtle_message/local/lib/python3.10/dist-packages/action_turtle_message/_action_turtle_message_s.ep.rosidl_typesupport_fastrtps_c.c
-- Installing: /home/kirill/ROS/ex02/action_turtle_message/install/action_turtle_message/local/lib/python3.10/dist-packages/action_turtle_message/action_turtle_message_s__rosidl_typesupport_introspection_c.cpython-310-x86_64-linux-gnu.so
-- Installing: /home/kirill/ROS/ex02/action_turtle_message/install/action_turtle_message/local/lib/python3.10/dist-packages/action_turtle_message/__init__.py
-- Installing: /home/kirill/ROS/ex02/action_turtle_message/install/action_turtle_message/local/lib/python3.10/dist-packages/action_turtle_message/action_turtle_message_s__rosidl_typesupport_fastrtps_c.cpython-310-x86_64-linux-gnu.so
-- Installing: /home/kirill/ROS/ex02/action_turtle_message/install/action_turtle_message/local/lib/python3.10/dist-packages/action_turtle_message/action_turtle_message_s__rosidl_typesupport_c.cpython-310-x86_64-linux-gnu.so
-- Installing: /home/kirill/ROS/ex02/action_turtle_message/install/action_turtle_message/local/lib/python3.10/dist-packages/action_turtle_message/_action_turtle_message_s.ep.rosidl_typesupport_introspection_c.c
-- Installing: /home/kirill/ROS/ex02/action_turtle_message/install/action_turtle_message/local/lib/python3.10/dist-packages/action_turtle_message/libaction_turtle_message__rosidl_generator_py.so
-- Installing: /home/kirill/ROS/ex02/action_turtle_message/install/action_turtle_message/local/lib/python3.10/dist-packages/action_turtle_message/_action_turtle_message_s.ep.rosidl_typesupport_c.c
-- Installing: /home/kirill/ROS/ex02/action_turtle_message/install/action_turtle_message/local/lib/python3.10/dist-packages/action_turtle_message/action
-- Installing: /home/kirill/ROS/ex02/action_turtle_message/install/action_turtle_message/local/lib/python3.10/dist-packages/action_turtle_message/action/__init__.py
-- Installing: /home/kirill/ROS/ex02/action_turtle_message/install/action_turtle_message/local/lib/python3.10/dist-packages/action_turtle_message/action/_message_turtle_commands.py
-- Installing: /home/kirill/ROS/ex02/action_turtle_message/install/action_turtle_message/local/lib/python3.10/dist-packages/action_turtle_message/action/_message_turtle_commands_s.c
Listing '/home/kirill/ROS/ex02/action_turtle_message/install/action_turtle_message/local/lib/python3.10/dist-packages/action_turtle_message'...
Compiling '/home/kirill/ROS/ex02/action_turtle_message/install/action_turtle_message/local/lib/python3.10/dist-packages/action_turtle_message/__init__.py'...
Listing '/home/kirill/ROS/ex02/action_turtle_message/install/action_turtle_message/local/lib/python3.10/dist-packages/action_turtle_message/action'...
Compiling '/home/kirill/ROS/ex02/action_turtle_message/install/action_turtle_message/local/lib/python3.10/dist-packages/action_turtle_message/action/__init__.py'...
Compiling '/home/kirill/ROS/ex02/action_turtle_message/install/action_turtle_message/local/lib/python3.10/dist-packages/action_turtle_message/action/_message_turtle_commands.py'...
-- Installing: /home/kirill/ROS/ex02/action_turtle_message/install/action_turtle_message/local/lib/python3.10/dist-packages/action_turtle_message/action_turtle_message_s__rosidl_typesupport_fastrtps_c.cpython-310-x86_64-linux-gnu.so
-- Set runtime path of "/home/kirill/ROS/ex02/action_turtle_message/install/action_turtle_message/local/lib/python3.10/dist-packages/action_turtle_message/action_turtle_message_s__rosidl_typesupport_fastrtps_c.cpython-310-x86_64-linux-gnu.so" to ""
-- Installing: /home/kirill/ROS/ex02/action_turtle_message/install/action_turtle_message/local/lib/python3.10/dist-packages/action_turtle_message/action_turtle_message_s__rosidl_typesupport_introspection_c.cpython-310-x86_64-linux-gnu.so
-- Set runtime path of "/home/kirill/ROS/ex02/action_turtle_message/install/action_turtle_message/local/lib/python3.10/dist-packages/action_turtle_message/action_turtle_message_s__rosidl_typesupport_introspection_c.cpython-310-x86_64-linux-gnu.so" to ""
-- Installing: /home/kirill/ROS/ex02/action_turtle_message/install/action_turtle_message/local/lib/python3.10/dist-packages/action_turtle_message/action_turtle_message_s__rosidl_typesupport_c.cpython-310-x86_64-linux-gnu.so
-- Set runtime path of "/home/kirill/ROS/ex02/action_turtle_message/install/action_turtle_message/local/lib/python3.10/dist-packages/action_turtle_message/action_turtle_message_s__rosidl_typesupport_c.cpython-310-x86_64-linux-gnu.so" to ""
-- Installing: /home/kirill/ROS/ex02/action_turtle_message/install/action_turtle_message/lib/libaction_turtle_message__rosidl_generator_py.so
-- Set runtime path of "/home/kirill/ROS/ex02/action_turtle_message/install/action_turtle_message/lib/libaction_turtle_message__rosidl_generator_py.so" to ""
-- Installing: /home/kirill/ROS/ex02/action_turtle_message/install/action_turtle_message/share/action_turtle_message/action/MessageTurtleCommands.idl
-- Installing: /home/kirill/ROS/ex02/action_turtle_message/install/action_turtle_message/share/action_turtle_message/action/MessageTurtleCommands.action
-- Installing: /home/kirill/ROS/ex02/action_turtle_message/install/action_turtle_message/share/ament_index/resource_index/package_run_dependencies/action_turtle_message
-- Installing: /home/kirill/ROS/ex02/action_turtle_message/install/action_turtle_message/share/ament_index/resource_index/parent_prefix_path/action_turtle_message
-- Installing: /home/kirill/ROS/ex02/action_turtle_message/install/action_turtle_message/share/action_turtle_message/environment/ament_prefix_path.sh
-- Installing: /home/kirill/ROS/ex02/action_turtle_message/install/action_turtle_message/share/action_turtle_message/environment/ament_prefix_path.dsv
-- Installing: /home/kirill/ROS/ex02/action_turtle_message/install/action_turtle_message/share/action_turtle_message/environment/path.sh
-- Installing: /home/kirill/ROS/ex02/action_turtle_message/install/action_turtle_message/share/action_turtle_message/environment/path.dsv
-- Installing: /home/kirill/ROS/ex02/action_turtle_message/install/action_turtle_message/share/action_turtle_message/local_setup.bash
-- Installing: /home/kirill/ROS/ex02/action_turtle_message/install/action_turtle_message/share/action_turtle_message/local_setup.sh
-- Installing: /home/kirill/ROS/ex02/action_turtle_message/install/action_turtle_message/share/action_turtle_message/local_setup.zsh
-- Installing: /home/kirill/ROS/ex02/action_turtle_message/install/action_turtle_message/share/action_turtle_message/local_setup.dsv
-- Installing: /home/kirill/ROS/ex02/action_turtle_message/install/action_turtle_message/share/action_turtle_message/package.dsv
-- Installing: /home/kirill/ROS/ex02/action_turtle_message/install/action_turtle_message/share/ament_index/resource_index/packages/action_turtle_message
-- Installing: /home/kirill/ROS/ex02/action_turtle_message/install/action_turtle_message/share/action_turtle_message/cmake/export_action_turtle_message__rosidl_generator_cExport.cmake
-- Installing: /home/kirill/ROS/ex02/action_turtle_message/install/action_turtle_message/share/action_turtle_message/cmake/export_action_turtle_message__rosidl_generator_cExport-noconfig.cmake
-- Installing: /home/kirill/ROS/ex02/action_turtle_message/install/action_turtle_message/share/action_turtle_message/cmake/export_action_turtle_message__rosidl_typesupport_fastrtps_cExport.cmake
-- Installing: /home/kirill/ROS/ex02/action_turtle_message/install/action_turtle_message/share/action_turtle_message/cmake/export_action_turtle_message__rosidl_typesupport_fastrtps_cExport-noconfig.cmake
-- Installing: /home/kirill/ROS/ex02/action_turtle_message/install/action_turtle_message/share/action_turtle_message/cmake/action_turtle_message__rosidl_typesupport_introspection_cExport.cmake
-- Installing: /home/kirill/ROS/ex02/action_turtle_message/install/action_turtle_message/share/action_turtle_message/cmake/action_turtle_message__rosidl_typesupport_introspection_cExport-noconfig.cmake
-- Installing: /home/kirill/ROS/ex02/action_turtle_message/install/action_turtle_message/share/action_turtle_message/cmake/action_turtle_message__rosidl_typesupport_cExport.cmake
-- Installing: /home/kirill/ROS/ex02/action_turtle_message/install/action_turtle_message/share/action_turtle_message/cmake/action_turtle_message__rosidl_typesupport_cExport-noconfig.cmake
-- Installing: /home/kirill/ROS/ex02/action_turtle_message/install/action_turtle_message/share/action_turtle_message/cmake/export_action_turtle_message__rosidl_generator_cppExport.cmake
-- Installing: /home/kirill/ROS/ex02/action_turtle_message/install/action_turtle_message/share/action_turtle_message/cmake/export_action_turtle_message__rosidl_typesupport_fastrtps_cppExport.cmake
-- Installing: /home/kirill/ROS/ex02/action_turtle_message/install/action_turtle_message/share/action_turtle_message/cmake/export_action_turtle_message__rosidl_typesupport_fastrtps_cppExport-noconfig.cmake
-- Installing: /home/kirill/ROS/ex02/action_turtle_message/install/action_turtle_message/share/action_turtle_message/cmake/action_turtle_message__rosidl_typesupport_introspection_cppExport.cmake
-- Installing: /home/kirill/ROS/ex02/action_turtle_message/install/action_turtle_message/share/action_turtle_message/cmake/action_turtle_message__rosidl_typesupport_introspection_cppExport-noconfig.cmake
-- Installing: /home/kirill/ROS/ex02/action_turtle_message/install/action_turtle_message/share/action_turtle_message/cmake/action_turtle_message__rosidl_typesupport_cppExport.cmake
-- Installing: /home/kirill/ROS/ex02/action_turtle_message/install/action_turtle_message/share/action_turtle_message/cmake/action_turtle_message__rosidl_typesupport_cppExport-noconfig.cmake
-- Installing: /home/kirill/ROS/ex02/action_turtle_message/install/action_turtle_message/share/action_turtle_message/cmake/export_action_turtle_message__rosidl_generator_pyExport.cmake
-- Installing: /home/kirill/ROS/ex02/action_turtle_message/install/action_turtle_message/share/action_turtle_message/cmake/export_action_turtle_message__rosidl_generator_pyExport-noconfig.cmake
-- Installing: /home/kirill/ROS/ex02/action_turtle_message/install/action_turtle_message/share/action_turtle_message/cmake/rosidl_cmake-extras.cmake
-- Installing: /home/kirill/ROS/ex02/action_turtle_message/install/action_turtle_message/share/action_turtle_message/cmake/ament_cmake_export_dependencies-extras.cmake
-- Installing: /home/kirill/ROS/ex02/action_turtle_message/install/action_turtle_message/share/action_turtle_message/cmake/ament_cmake_export_include_directories-extras.cmake
-- Installing: /home/kirill/ROS/ex02/action_turtle_message/install/action_turtle_message/share/action_turtle_message/cmake/ament_cmake_export_libraries-extras.cmake
-- Installing: /home/kirill/ROS/ex02/action_turtle_message/install/action_turtle_message/share/action_turtle_message/cmake/ament_cmake_export_targets-extras.cmake
-- Installing: /home/kirill/ROS/ex02/action_turtle_message/install/action_turtle_message/share/action_turtle_message/cmake/rosidl_cmake_export_typesupport_targets-extras.cmake
-- Installing: /home/kirill/ROS/ex02/action_turtle_message/install/action_turtle_message/share/action_turtle_message/cmake/rosidl_cmake_export_typesupport_libraries-extras.cmake
-- Installing: /home/kirill/ROS/ex02/action_turtle_message/install/action_turtle_message/share/action_turtle_message/cmake/action_turtle_messageConfig.cmake
-- Installing: /home/kirill/ROS/ex02/action_turtle_message/install/action_turtle_message/share/action_turtle_message/cmake/action_turtle_messageConfig-version.cmake
-- Installing: /home/kirill/ROS/ex02/action_turtle_message/install/action_turtle_message/share/action_turtle_message/package.xml
