[0.000000] (-) TimerEvent: {}
[0.000493] (text_to_cmd_vel) JobQueued: {'identifier': 'text_to_cmd_vel', 'dependencies': OrderedDict()}
[0.000556] (text_to_cmd_vel) JobStarted: {'identifier': 'text_to_cmd_vel'}
[0.099469] (-) TimerEvent: {}
[0.199905] (-) TimerEvent: {}
[0.300349] (-) TimerEvent: {}
[0.400755] (-) TimerEvent: {}
[0.465058] (text_to_cmd_vel) Command: {'cmd': ['/usr/bin/python3', '-W', 'ignore:setup.py install is deprecated', 'setup.py', 'develop', '--editable', '--build-directory', '/home/drmbx/study/robotics/ros2_ws/src/text_to_cmd_vel/build/text_to_cmd_vel/build', '--no-deps', 'symlink_data', '--force'], 'cwd': '/home/drmbx/study/robotics/ros2_ws/src/text_to_cmd_vel/build/text_to_cmd_vel', 'env': {'XDG_ACTIVATION_TOKEN': 'kwin-9', 'KDE_FULL_SESSION': 'true', 'MAIL': '/var/spool/mail/drmbx', 'LANGUAGE': '', 'USER': 'drmbx', 'PAM_KWALLET5_LOGIN': '/run/user/1000/kwallet5.socket', 'HOSTNAME': 'arch', 'XDG_SESSION_TYPE': 'wayland', 'GIT_ASKPASS': '/opt/vscodium-bin/resources/app/extensions/git/dist/askpass.sh', 'XDG_CACHE_HOME': '/home/drmbx/.cache', 'QT_WAYLAND_RECONNECT': '1', 'SHLVL': '5', 'LD_LIBRARY_PATH': '/opt/ros/humble/opt/rviz_ogre_vendor/lib:/opt/ros/humble/lib/x86_64-linux-gnu:/opt/ros/humble/lib:/home/drmbx/study/robotics/ros2_ws/install/tutorial_package/lib:/home/drmbx/study/robotics/ros2_ws/install/turtlesim/lib', 'MOTD_SHOWN': 'pam', 'HOME': '/home/drmbx', 'CHROME_DESKTOP': 'codium-url-handler.desktop', 'KDE_APPLICATIONS_AS_SCOPE': '1', 'TERM_PROGRAM_VERSION': '1.93.1', 'DESKTOP_SESSION': 'plasma', 'ROS_PYTHON_VERSION': '3', 'GTK_RC_FILES': '/etc/gtk/gtkrc:/home/drmbx/.gtkrc:/home/drmbx/.config/gtkrc', 'KDE_SESSION_VERSION': '6', 'VSCODE_GIT_ASKPASS_MAIN': '/opt/vscodium-bin/resources/app/extensions/git/dist/askpass-main.js', 'VSCODE_GIT_ASKPASS_NODE': '/opt/vscodium-bin/codium', 'MANAGERPID': '713', 'DISTROBOX_ENTER_PATH': '/usr/bin/distrobox-enter', 'SYSTEMD_EXEC_PID': '1389', 'XDG_STATE_HOME': '/home/drmbx/.local/state', 'DBUS_SESSION_BUS_ADDRESS': 'unix:path=/run/user/1000/bus', 'COLORTERM': 'truecolor', 'container': 'podman', 'WAYLAND_DISPLAY': 'wayland-0', 'COLCON_PREFIX_PATH': '/home/drmbx/study/robotics/ros2_ws/install', 'ROS_DISTRO': 'humble', 'LOGNAME': 'drmbx', 'QT_AUTO_SCREEN_SCALE_FACTOR': '0', 'JOURNAL_STREAM': '9:19648', '_': '/usr/bin/colcon', 'ROS_VERSION': '2', 'MEMORY_PRESSURE_WATCH': '/sys/fs/cgroup/user.slice/user-1000.slice/user@1000.service/background.slice/plasma-krunner.service/memory.pressure', 'XDG_SESSION_CLASS': 'user', 'TERMINFO_DIRS': '/usr/share/terminfo:/run/host/usr/share/terminfo', 'TERM': 'xterm-256color', 'XDG_SESSION_ID': '2', 'ROS_LOCALHOST_ONLY': '0', 'GTK2_RC_FILES': '/etc/gtk-2.0/gtkrc:/home/drmbx/.gtkrc-2.0:/home/drmbx/.config/gtkrc-2.0', 'PATH': '/opt/ros/humble/bin:/usr/local/sbin:/usr/local/bin:/usr/bin:/usr/bin/site_perl:/usr/bin/vendor_perl:/usr/bin/core_perl:/usr/local/sbin:/usr/local/bin:/usr/sbin:/usr/bin:/sbin:/bin:/usr/sbin:/sbin:/bin', 'SESSION_MANAGER': 'local/arch:@/tmp/.ICE-unix/922,unix/arch:/tmp/.ICE-unix/922', 'INVOCATION_ID': 'ca594bd1fccb418fbcce94150b0aa33f', 'XDG_SESSION_PATH': '/org/freedesktop/DisplayManager/Session1', 'XDG_MENU_PREFIX': 'plasma-', 'XDG_RUNTIME_DIR': '/run/user/1000', 'GDK_BACKEND': 'wayland', 'ICEAUTHORITY': '/run/user/1000/iceauth_ZxMTTz', 'DISPLAY': ':1', 'LANG': 'C.UTF-8', 'XDG_CURRENT_DESKTOP': 'KDE', 'XDG_DATA_HOME': '/home/drmbx/.local/share', 'XDG_CONFIG_HOME': '/home/drmbx/.config', 'XDG_SESSION_DESKTOP': 'KDE', 'XAUTHORITY': '/run/user/1000/xauth_HLPrGo', 'VSCODE_GIT_IPC_HANDLE': '/run/user/1000/vscode-git-1d9224cc0c.sock', 'TERM_PROGRAM': 'vscode', 'AMENT_PREFIX_PATH': '/home/drmbx/study/robotics/ros2_ws/install/text_to_cmd_vel:/opt/ros/humble:/home/drmbx/study/robotics/ros2_ws/install/tutorial_package:/home/drmbx/study/robotics/ros2_ws/install/turtlesim:/home/drmbx/study/robotics/ros2_ws/install/drmbx', 'ORIGINAL_XDG_CURRENT_DESKTOP': 'KDE', 'SHELL': '/usr/bin/bash', 'NO_AT_BRIDGE': '1', 'VSCODE_GIT_ASKPASS_EXTRA_ARGS': '', 'PWD': '/home/drmbx/study/robotics/ros2_ws/src/text_to_cmd_vel/build/text_to_cmd_vel', 'CONTAINER_ID': 'Ubuntu', 'XDG_CONFIG_DIRS': '/home/drmbx/.config/kdedefaults:/etc/xdg', 'XDG_DATA_DIRS': '/home/drmbx/.local/share/flatpak/exports/share:/var/lib/flatpak/exports/share:/usr/local/share:/usr/share', 'PYTHONPATH': '/home/drmbx/study/robotics/ros2_ws/src/text_to_cmd_vel/build/text_to_cmd_vel/prefix_override:/usr/lib/python3/dist-packages/colcon_core/task/python/colcon_distutils_commands:/home/drmbx/study/robotics/ros2_ws/src/text_to_cmd_vel/install/text_to_cmd_vel/lib/python3.10/site-packages:/home/drmbx/study/robotics/ros2_ws/install/text_to_cmd_vel/lib/python3.10/site-packages:/opt/ros/humble/lib/python3.10/site-packages:/opt/ros/humble/local/lib/python3.10/dist-packages:/home/drmbx/study/robotics/ros2_ws/install/tutorial_package/local/lib/python3.10/dist-packages:/home/drmbx/study/robotics/ros2_ws/install/turtlesim/local/lib/python3.10/dist-packages', 'KDE_SESSION_UID': '1000', 'COLCON': '1', 'MEMORY_PRESSURE_WRITE': 'c29tZSAyMDAwMDAgMjAwMDAwMAA=', 'CMAKE_PREFIX_PATH': '/home/drmbx/study/robotics/ros2_ws/install/tutorial_package:/home/drmbx/study/robotics/ros2_ws/install/turtlesim:/home/drmbx/study/robotics/ros2_ws/install/drmbx'}, 'shell': False}
[0.501178] (-) TimerEvent: {}
[0.601504] (-) TimerEvent: {}
[0.663082] (text_to_cmd_vel) StdoutLine: {'line': b'running develop\n'}
[0.663706] (text_to_cmd_vel) StderrLine: {'line': b'/usr/lib/python3/dist-packages/setuptools/command/easy_install.py:158: EasyInstallDeprecationWarning: easy_install command is deprecated. Use build and pip and other standards-based tools.\n'}
[0.663827] (text_to_cmd_vel) StderrLine: {'line': b'  warnings.warn(\n'}
[0.701611] (-) TimerEvent: {}
[0.775668] (text_to_cmd_vel) StdoutLine: {'line': b'running egg_info\n'}
[0.776077] (text_to_cmd_vel) StdoutLine: {'line': b'writing text_to_cmd_vel.egg-info/PKG-INFO\n'}
[0.776324] (text_to_cmd_vel) StdoutLine: {'line': b'writing dependency_links to text_to_cmd_vel.egg-info/dependency_links.txt\n'}
[0.776490] (text_to_cmd_vel) StdoutLine: {'line': b'writing entry points to text_to_cmd_vel.egg-info/entry_points.txt\n'}
[0.776644] (text_to_cmd_vel) StdoutLine: {'line': b'writing requirements to text_to_cmd_vel.egg-info/requires.txt\n'}
[0.776796] (text_to_cmd_vel) StdoutLine: {'line': b'writing top-level names to text_to_cmd_vel.egg-info/top_level.txt\n'}
[0.777601] (text_to_cmd_vel) StdoutLine: {'line': b"reading manifest file 'text_to_cmd_vel.egg-info/SOURCES.txt'\n"}
[0.778091] (text_to_cmd_vel) StdoutLine: {'line': b"writing manifest file 'text_to_cmd_vel.egg-info/SOURCES.txt'\n"}
[0.779215] (text_to_cmd_vel) StdoutLine: {'line': b'running build_ext\n'}
[0.779376] (text_to_cmd_vel) StdoutLine: {'line': b'Creating /home/drmbx/study/robotics/ros2_ws/src/text_to_cmd_vel/install/text_to_cmd_vel/lib/python3.10/site-packages/text-to-cmd-vel.egg-link (link to .)\n'}
[0.779952] (text_to_cmd_vel) StdoutLine: {'line': b'Installing text_to_cmd_vel script to /home/drmbx/study/robotics/ros2_ws/src/text_to_cmd_vel/install/text_to_cmd_vel/lib/text_to_cmd_vel\n'}
[0.780173] (text_to_cmd_vel) StdoutLine: {'line': b'\n'}
[0.780248] (text_to_cmd_vel) StdoutLine: {'line': b'Installed /home/drmbx/study/robotics/ros2_ws/src/text_to_cmd_vel/build/text_to_cmd_vel\n'}
[0.780302] (text_to_cmd_vel) StdoutLine: {'line': b'running symlink_data\n'}
[0.780408] (text_to_cmd_vel) StdoutLine: {'line': b'symbolically linking /home/drmbx/study/robotics/ros2_ws/src/text_to_cmd_vel/build/text_to_cmd_vel/resource/text_to_cmd_vel -> /home/drmbx/study/robotics/ros2_ws/src/text_to_cmd_vel/install/text_to_cmd_vel/share/ament_index/resource_index/packages\n'}
[0.780517] (text_to_cmd_vel) StdoutLine: {'line': b'symbolically linking /home/drmbx/study/robotics/ros2_ws/src/text_to_cmd_vel/build/text_to_cmd_vel/package.xml -> /home/drmbx/study/robotics/ros2_ws/src/text_to_cmd_vel/install/text_to_cmd_vel/share/text_to_cmd_vel\n'}
[0.801742] (-) TimerEvent: {}
[0.812467] (text_to_cmd_vel) CommandEnded: {'returncode': 0}
[0.823494] (text_to_cmd_vel) JobEnded: {'identifier': 'text_to_cmd_vel', 'rc': 0}
[0.824332] (-) EventReactorShutdown: {}
